intrman_IMPORTS_start
I_CpuSuspendIntr
I_CpuResumeIntr
intrman_IMPORTS_end

loadcore_IMPORTS_start
I_GetLoadcoreInternalData
loadcore_IMPORTS_end

stdio_IMPORTS_start
I_printf
stdio_IMPORTS_end

sysclib_IMPORTS_start
I_memcpy
I_memset
I_strlen
I_strcpy
sysclib_IMPORTS_end

#ifdef RPC_SUPPORT
thbase_IMPORTS_start
I_CreateThread
I_StartThread
I_GetThreadId
I_DeleteThread
thbase_IMPORTS_end

sifcmd_IMPORTS_start
I_sceSifSetRpcQueue
I_sceSifRegisterRpc
I_sceSifRpcLoop
sifcmd_IMPORTS_end
#endif

#ifdef SUPPORT_CARD_FILESYSTEM
ioman_IMPORTS_start
I_AddDrv
I_DelDrv
ioman_IMPORTS_end
#endif